{
  "stats": {
    "suites": 1,
    "tests": 4,
    "passes": 4,
    "pending": 0,
    "failures": 0,
    "start": "2025-10-28T13:01:27.939Z",
    "end": "2025-10-28T13:01:34.045Z",
    "duration": 6106,
    "testsRegistered": 4,
    "passPercent": 100,
    "pendingPercent": 0,
    "other": 0,
    "hasOther": false,
    "skipped": 0,
    "hasSkipped": false
  },
  "results": [
    {
      "uuid": "915d52dd-41eb-409a-902e-64f7c6e330b3",
      "title": "",
      "fullFile": "/Users/elsa.fauzia/Documents/qa_enginner_digial_skola/tasks/mocha_web_advance_1/tests/sorting.js",
      "file": "/tests/sorting.js",
      "beforeHooks": [],
      "afterHooks": [],
      "tests": [],
      "suites": [
        {
          "uuid": "430f8619-eae2-4170-ae5b-5f7e01e4096c",
          "title": "Saucedemo Sorting Tests",
          "fullFile": "/Users/elsa.fauzia/Documents/qa_enginner_digial_skola/tasks/mocha_web_advance_1/tests/sorting.js",
          "file": "/tests/sorting.js",
          "beforeHooks": [
            {
              "title": "\"before all\" hook in \"Saucedemo Sorting Tests\"",
              "fullTitle": "Saucedemo Sorting Tests \"before all\" hook in \"Saucedemo Sorting Tests\"",
              "timedOut": false,
              "duration": 2552,
              "state": null,
              "speed": null,
              "pass": false,
              "fail": false,
              "pending": false,
              "context": null,
              "code": "const options = new chrome.Options();\noptions.addArguments(\"--incognito\");\ndriver = await new Builder()\n  .forBrowser(\"chrome\")\n  .setChromeOptions(options)\n  .build();",
              "err": {},
              "uuid": "b38e86ee-3cd8-4a12-b86f-c1501c7e27bd",
              "parentUUID": "430f8619-eae2-4170-ae5b-5f7e01e4096c",
              "isHook": true,
              "skipped": false
            }
          ],
          "afterHooks": [
            {
              "title": "\"after all\" hook in \"Saucedemo Sorting Tests\"",
              "fullTitle": "Saucedemo Sorting Tests \"after all\" hook in \"Saucedemo Sorting Tests\"",
              "timedOut": false,
              "duration": 54,
              "state": null,
              "speed": null,
              "pass": false,
              "fail": false,
              "pending": false,
              "context": null,
              "code": "await driver.quit();",
              "err": {},
              "uuid": "3a9c14a7-28e8-43bf-a139-de8d7824bb41",
              "parentUUID": "430f8619-eae2-4170-ae5b-5f7e01e4096c",
              "isHook": true,
              "skipped": false
            }
          ],
          "tests": [
            {
              "title": "Sort by Name A to Z (default)",
              "fullTitle": "Saucedemo Sorting Tests Sort by Name A to Z (default)",
              "timedOut": false,
              "duration": 3216,
              "state": "passed",
              "speed": "slow",
              "pass": true,
              "fail": false,
              "pending": false,
              "context": null,
              "code": "await login();\nawait selectSort(\"az\");",
              "err": {},
              "uuid": "1e3465d5-37f4-4db8-9ed3-d31a02b6a1f9",
              "parentUUID": "430f8619-eae2-4170-ae5b-5f7e01e4096c",
              "isHook": false,
              "skipped": false
            },
            {
              "title": "Sort by Name Z to A",
              "fullTitle": "Saucedemo Sorting Tests Sort by Name Z to A",
              "timedOut": false,
              "duration": 125,
              "state": "passed",
              "speed": "slow",
              "pass": true,
              "fail": false,
              "pending": false,
              "context": null,
              "code": "await selectSort(\"za\");",
              "err": {},
              "uuid": "904af5fc-196d-48a3-a7d7-f4195bea2d56",
              "parentUUID": "430f8619-eae2-4170-ae5b-5f7e01e4096c",
              "isHook": false,
              "skipped": false
            },
            {
              "title": "Sort by Price Low to High",
              "fullTitle": "Saucedemo Sorting Tests Sort by Price Low to High",
              "timedOut": false,
              "duration": 76,
              "state": "passed",
              "speed": "slow",
              "pass": true,
              "fail": false,
              "pending": false,
              "context": null,
              "code": "await selectSort(\"lohi\");",
              "err": {},
              "uuid": "c483bd91-7cd5-4d88-b99e-00df7bc798c0",
              "parentUUID": "430f8619-eae2-4170-ae5b-5f7e01e4096c",
              "isHook": false,
              "skipped": false
            },
            {
              "title": "Sort by Price High to Low",
              "fullTitle": "Saucedemo Sorting Tests Sort by Price High to Low",
              "timedOut": false,
              "duration": 80,
              "state": "passed",
              "speed": "slow",
              "pass": true,
              "fail": false,
              "pending": false,
              "context": null,
              "code": "await selectSort(\"hilo\");",
              "err": {},
              "uuid": "30f69cf3-57ba-4acd-8846-901f85ac6437",
              "parentUUID": "430f8619-eae2-4170-ae5b-5f7e01e4096c",
              "isHook": false,
              "skipped": false
            }
          ],
          "suites": [],
          "passes": [
            "1e3465d5-37f4-4db8-9ed3-d31a02b6a1f9",
            "904af5fc-196d-48a3-a7d7-f4195bea2d56",
            "c483bd91-7cd5-4d88-b99e-00df7bc798c0",
            "30f69cf3-57ba-4acd-8846-901f85ac6437"
          ],
          "failures": [],
          "pending": [],
          "skipped": [],
          "duration": 3497,
          "root": false,
          "rootEmpty": false,
          "_timeout": 60000
        }
      ],
      "passes": [],
      "failures": [],
      "pending": [],
      "skipped": [],
      "duration": 0,
      "root": true,
      "rootEmpty": true,
      "_timeout": 60000
    }
  ],
  "meta": {
    "mocha": {
      "version": "11.7.4"
    },
    "mochawesome": {
      "options": {
        "quiet": false,
        "reportFilename": "mochawesome",
        "saveHtml": true,
        "saveJson": true,
        "consoleReporter": "spec",
        "useInlineDiffs": false,
        "code": true
      },
      "version": "7.1.4"
    },
    "marge": {
      "options": null,
      "version": "6.3.0"
    }
  }
}