{
  "stats": {
    "suites": 1,
    "tests": 4,
    "passes": 4,
    "pending": 0,
    "failures": 0,
    "start": "2025-10-27T13:03:28.059Z",
    "end": "2025-10-27T13:03:32.495Z",
    "duration": 4436,
    "testsRegistered": 4,
    "passPercent": 100,
    "pendingPercent": 0,
    "other": 0,
    "hasOther": false,
    "skipped": 0,
    "hasSkipped": false
  },
  "results": [
    {
      "uuid": "7cb41d99-7f10-4737-8a8b-a2e6fa6cc499",
      "title": "",
      "fullFile": "/Users/elsa.fauzia/Documents/qa_enginner_digial_skola/tasks/mocha_web_advance_1/tests/sorting.js",
      "file": "/tests/sorting.js",
      "beforeHooks": [],
      "afterHooks": [],
      "tests": [],
      "suites": [
        {
          "uuid": "400b0f84-96c8-492f-8d62-3a3a6fb76caa",
          "title": "Saucedemo Sorting Tests",
          "fullFile": "/Users/elsa.fauzia/Documents/qa_enginner_digial_skola/tasks/mocha_web_advance_1/tests/sorting.js",
          "file": "/tests/sorting.js",
          "beforeHooks": [
            {
              "title": "\"before all\" hook in \"Saucedemo Sorting Tests\"",
              "fullTitle": "Saucedemo Sorting Tests \"before all\" hook in \"Saucedemo Sorting Tests\"",
              "timedOut": false,
              "duration": 2694,
              "state": null,
              "speed": null,
              "pass": false,
              "fail": false,
              "pending": false,
              "context": null,
              "code": "const options = new chrome.Options();\noptions.addArguments(\"--incognito\");\ndriver = await new Builder()\n  .forBrowser(\"chrome\")\n  .setChromeOptions(options)\n  .build();",
              "err": {},
              "uuid": "77b058e0-0b93-43fb-b457-a088a30469bb",
              "parentUUID": "400b0f84-96c8-492f-8d62-3a3a6fb76caa",
              "isHook": true,
              "skipped": false
            }
          ],
          "afterHooks": [
            {
              "title": "\"after all\" hook in \"Saucedemo Sorting Tests\"",
              "fullTitle": "Saucedemo Sorting Tests \"after all\" hook in \"Saucedemo Sorting Tests\"",
              "timedOut": false,
              "duration": 55,
              "state": null,
              "speed": null,
              "pass": false,
              "fail": false,
              "pending": false,
              "context": null,
              "code": "await driver.quit();",
              "err": {},
              "uuid": "fc3e3729-bed2-4df6-8191-072760fdff53",
              "parentUUID": "400b0f84-96c8-492f-8d62-3a3a6fb76caa",
              "isHook": true,
              "skipped": false
            }
          ],
          "tests": [
            {
              "title": "Sort by Name A to Z (default)",
              "fullTitle": "Saucedemo Sorting Tests Sort by Name A to Z (default)",
              "timedOut": false,
              "duration": 1489,
              "state": "passed",
              "speed": "slow",
              "pass": true,
              "fail": false,
              "pending": false,
              "context": null,
              "code": "await login();\nawait selectSort(\"az\");",
              "err": {},
              "uuid": "6db28e64-9769-4458-a322-573694d48036",
              "parentUUID": "400b0f84-96c8-492f-8d62-3a3a6fb76caa",
              "isHook": false,
              "skipped": false
            },
            {
              "title": "Sort by Name Z to A",
              "fullTitle": "Saucedemo Sorting Tests Sort by Name Z to A",
              "timedOut": false,
              "duration": 70,
              "state": "passed",
              "speed": "medium",
              "pass": true,
              "fail": false,
              "pending": false,
              "context": null,
              "code": "await selectSort(\"za\");",
              "err": {},
              "uuid": "b70258a5-aed6-415d-9b99-2d29aba10d4f",
              "parentUUID": "400b0f84-96c8-492f-8d62-3a3a6fb76caa",
              "isHook": false,
              "skipped": false
            },
            {
              "title": "Sort by Price Low to High",
              "fullTitle": "Saucedemo Sorting Tests Sort by Price Low to High",
              "timedOut": false,
              "duration": 66,
              "state": "passed",
              "speed": "medium",
              "pass": true,
              "fail": false,
              "pending": false,
              "context": null,
              "code": "await selectSort(\"lohi\");",
              "err": {},
              "uuid": "d36406a0-35e4-471a-bfe3-d8f184c7baf6",
              "parentUUID": "400b0f84-96c8-492f-8d62-3a3a6fb76caa",
              "isHook": false,
              "skipped": false
            },
            {
              "title": "Sort by Price High to Low",
              "fullTitle": "Saucedemo Sorting Tests Sort by Price High to Low",
              "timedOut": false,
              "duration": 59,
              "state": "passed",
              "speed": "medium",
              "pass": true,
              "fail": false,
              "pending": false,
              "context": null,
              "code": "await selectSort(\"hilo\");",
              "err": {},
              "uuid": "9f1a6ea4-28bb-428d-a317-d68b98c58076",
              "parentUUID": "400b0f84-96c8-492f-8d62-3a3a6fb76caa",
              "isHook": false,
              "skipped": false
            }
          ],
          "suites": [],
          "passes": [
            "6db28e64-9769-4458-a322-573694d48036",
            "b70258a5-aed6-415d-9b99-2d29aba10d4f",
            "d36406a0-35e4-471a-bfe3-d8f184c7baf6",
            "9f1a6ea4-28bb-428d-a317-d68b98c58076"
          ],
          "failures": [],
          "pending": [],
          "skipped": [],
          "duration": 1684,
          "root": false,
          "rootEmpty": false,
          "_timeout": 60000
        }
      ],
      "passes": [],
      "failures": [],
      "pending": [],
      "skipped": [],
      "duration": 0,
      "root": true,
      "rootEmpty": true,
      "_timeout": 60000
    }
  ],
  "meta": {
    "mocha": {
      "version": "11.7.4"
    },
    "mochawesome": {
      "options": {
        "quiet": false,
        "reportFilename": "mochawesome",
        "saveHtml": true,
        "saveJson": true,
        "consoleReporter": "spec",
        "useInlineDiffs": false,
        "code": true
      },
      "version": "7.1.4"
    },
    "marge": {
      "options": null,
      "version": "6.3.0"
    }
  }
}